<?xml version="1.0" encoding="UTF-8"?>
<testsuite xmlns:xsi="http://www.w3.org/2001/XMLSchema-instance" xsi:noNamespaceSchemaLocation="https://maven.apache.org/surefire/maven-surefire-plugin/xsd/surefire-test-report-3.0.xsd" version="3.0" name="com.majedul.uploadingfiles.storage.FileSystemStorageServiceTests" time="0.008" tests="6" errors="0" skipped="0" failures="0">
  <properties>
[...]
</properties>
  <testcase name="savePermitted" classname="com.majedul.uploadingfiles.storage.FileSystemStorageServiceTests" time="0.001"/>
  <testcase name="loadNonExistent" classname="com.majedul.uploadingfiles.storage.FileSystemStorageServiceTests" time="0.002"/>
  <testcase name="saveAbsolutePathNotPermitted" classname="com.majedul.uploadingfiles.storage.FileSystemStorageServiceTests" time="0.002"/>
  <testcase name="saveAndLoad" classname="com.majedul.uploadingfiles.storage.FileSystemStorageServiceTests" time="0"/>
  <testcase name="saveRelativePathNotPermitted" classname="com.majedul.uploadingfiles.storage.FileSystemStorageServiceTests" time="0"/>
  <testcase name="saveAbsolutePathInFilenamePermitted" classname="com.majedul.uploadingfiles.storage.FileSystemStorageServiceTests" time="0"/>
</testsuite>